{"C:\\repository\\test-task\\app-task-manager\\apps\\task-manager\\src\\components\\CreateNewTask\\index.tsx": {"path":"C:\\repository\\test-task\\app-task-manager\\apps\\task-manager\\src\\components\\CreateNewTask\\index.tsx","statementMap":{"0":{"start":{"line":1,"column":0},"end":{"line":1,"column":53}},"1":{"start":{"line":2,"column":0},"end":{"line":2,"column":null}},"2":{"start":{"line":8,"column":0},"end":{"line":8,"column":57}},"3":{"start":{"line":9,"column":0},"end":{"line":9,"column":57}},"4":{"start":{"line":11,"column":29},"end":{"line":90,"column":1}},"5":{"start":{"line":12,"column":22},"end":{"line":12,"column":38}},"6":{"start":{"line":14,"column":34},"end":{"line":14,"column":54}},"7":{"start":{"line":15,"column":28},"end":{"line":15,"column":48}},"8":{"start":{"line":17,"column":30},"end":{"line":17,"column":54}},"9":{"start":{"line":19,"column":21},"end":{"line":21,"column":3}},"10":{"start":{"line":20,"column":4},"end":{"line":20,"column":20}},"11":{"start":{"line":23,"column":22},"end":{"line":26,"column":3}},"12":{"start":{"line":24,"column":4},"end":{"line":24,"column":21}},"13":{"start":{"line":25,"column":4},"end":{"line":25,"column":17}},"14":{"start":{"line":28,"column":31},"end":{"line":31,"column":3}},"15":{"start":{"line":29,"column":4},"end":{"line":29,"column":36}},"16":{"start":{"line":30,"column":4},"end":{"line":30,"column":17}},"17":{"start":{"line":33,"column":24},"end":{"line":42,"column":3}},"18":{"start":{"line":34,"column":4},"end":{"line":41,"column":null}},"19":{"start":{"line":36,"column":6},"end":{"line":36,"column":58}},"20":{"start":{"line":38,"column":6},"end":{"line":38,"column":34}},"21":{"start":{"line":39,"column":6},"end":{"line":39,"column":20}},"22":{"start":{"line":40,"column":6},"end":{"line":40,"column":22}},"23":{"start":{"line":43,"column":2},"end":{"line":89,"column":4}},"24":{"start":{"line":11,"column":13},"end":{"line":11,"column":29}}},"fnMap":{"0":{"name":"(anonymous_0)","decl":{"start":{"line":11,"column":29},"end":{"line":11,"column":32}},"loc":{"start":{"line":11,"column":34},"end":{"line":90,"column":1}}},"1":{"name":"(anonymous_1)","decl":{"start":{"line":19,"column":21},"end":{"line":19,"column":24}},"loc":{"start":{"line":19,"column":26},"end":{"line":21,"column":3}}},"2":{"name":"(anonymous_2)","decl":{"start":{"line":23,"column":22},"end":{"line":23,"column":25}},"loc":{"start":{"line":23,"column":27},"end":{"line":26,"column":3}}},"3":{"name":"(anonymous_3)","decl":{"start":{"line":28,"column":31},"end":{"line":28,"column":32}},"loc":{"start":{"line":28,"column":72},"end":{"line":31,"column":3}}},"4":{"name":"(anonymous_4)","decl":{"start":{"line":33,"column":24},"end":{"line":33,"column":27}},"loc":{"start":{"line":33,"column":29},"end":{"line":42,"column":3}}}},"branchMap":{"0":{"loc":{"start":{"line":34,"column":4},"end":{"line":41,"column":null}},"type":"if","locations":[{"start":{"line":34,"column":4},"end":{"line":41,"column":null}},{"start":{"line":37,"column":11},"end":{"line":41,"column":null}}]}},"s":{"0":0,"1":0,"2":0,"3":0,"4":0,"5":0,"6":0,"7":0,"8":0,"9":0,"10":0,"11":0,"12":0,"13":0,"14":0,"15":0,"16":0,"17":0,"18":0,"19":0,"20":0,"21":0,"22":0,"23":0,"24":0},"f":{"0":0,"1":0,"2":0,"3":0,"4":0},"b":{"0":[0,0]}}
,"C:\\repository\\test-task\\app-task-manager\\apps\\task-manager\\src\\components\\DeleteTask\\index.tsx": {"path":"C:\\repository\\test-task\\app-task-manager\\apps\\task-manager\\src\\components\\DeleteTask\\index.tsx","statementMap":{"0":{"start":{"line":1,"column":0},"end":{"line":1,"column":26}},"1":{"start":{"line":2,"column":0},"end":{"line":2,"column":null}},"2":{"start":{"line":7,"column":0},"end":{"line":7,"column":57}},"3":{"start":{"line":8,"column":0},"end":{"line":8,"column":57}},"4":{"start":{"line":14,"column":26},"end":{"line":68,"column":1}},"5":{"start":{"line":15,"column":25},"end":{"line":15,"column":41}},"6":{"start":{"line":17,"column":30},"end":{"line":17,"column":51}},"7":{"start":{"line":19,"column":21},"end":{"line":21,"column":3}},"8":{"start":{"line":20,"column":4},"end":{"line":20,"column":20}},"9":{"start":{"line":23,"column":22},"end":{"line":25,"column":3}},"10":{"start":{"line":24,"column":4},"end":{"line":24,"column":21}},"11":{"start":{"line":27,"column":27},"end":{"line":29,"column":3}},"12":{"start":{"line":28,"column":4},"end":{"line":28,"column":19}},"13":{"start":{"line":31,"column":2},"end":{"line":67,"column":4}},"14":{"start":{"line":14,"column":13},"end":{"line":14,"column":26}}},"fnMap":{"0":{"name":"(anonymous_0)","decl":{"start":{"line":14,"column":26},"end":{"line":14,"column":27}},"loc":{"start":{"line":14,"column":44},"end":{"line":68,"column":1}}},"1":{"name":"(anonymous_1)","decl":{"start":{"line":19,"column":21},"end":{"line":19,"column":24}},"loc":{"start":{"line":19,"column":26},"end":{"line":21,"column":3}}},"2":{"name":"(anonymous_2)","decl":{"start":{"line":23,"column":22},"end":{"line":23,"column":25}},"loc":{"start":{"line":23,"column":27},"end":{"line":25,"column":3}}},"3":{"name":"(anonymous_3)","decl":{"start":{"line":27,"column":27},"end":{"line":27,"column":30}},"loc":{"start":{"line":27,"column":32},"end":{"line":29,"column":3}}}},"branchMap":{},"s":{"0":0,"1":0,"2":0,"3":0,"4":0,"5":0,"6":0,"7":0,"8":0,"9":0,"10":0,"11":0,"12":0,"13":0,"14":0},"f":{"0":0,"1":0,"2":0,"3":0},"b":{}}
,"C:\\repository\\test-task\\app-task-manager\\apps\\task-manager\\src\\components\\EmptyTaskMessage\\index.tsx": {"path":"C:\\repository\\test-task\\app-task-manager\\apps\\task-manager\\src\\components\\EmptyTaskMessage\\index.tsx","statementMap":{"0":{"start":{"line":2,"column":0},"end":{"line":2,"column":43}},"1":{"start":{"line":3,"column":0},"end":{"line":3,"column":50}},"2":{"start":{"line":5,"column":32},"end":{"line":12,"column":1}},"3":{"start":{"line":6,"column":2},"end":{"line":11,"column":4}},"4":{"start":{"line":5,"column":13},"end":{"line":5,"column":32}}},"fnMap":{"0":{"name":"(anonymous_0)","decl":{"start":{"line":5,"column":32},"end":{"line":5,"column":35}},"loc":{"start":{"line":5,"column":37},"end":{"line":12,"column":1}}}},"branchMap":{},"s":{"0":0,"1":0,"2":0,"3":0,"4":0},"f":{"0":0},"b":{}}
,"C:\\repository\\test-task\\app-task-manager\\apps\\task-manager\\src\\components\\Layout\\index.tsx": {"path":"C:\\repository\\test-task\\app-task-manager\\apps\\task-manager\\src\\components\\Layout\\index.tsx","statementMap":{"0":{"start":{"line":2,"column":0},"end":{"line":2,"column":36}},"1":{"start":{"line":4,"column":0},"end":{"line":15,"column":3}},"2":{"start":{"line":5,"column":2},"end":{"line":14,"column":4}}},"fnMap":{"0":{"name":"Layout","decl":{"start":{"line":4,"column":25},"end":{"line":4,"column":31}},"loc":{"start":{"line":4,"column":69},"end":{"line":15,"column":1}}}},"branchMap":{},"s":{"0":0,"1":0,"2":0},"f":{"0":0},"b":{}}
,"C:\\repository\\test-task\\app-task-manager\\apps\\task-manager\\src\\components\\Loading\\index.tsx": {"path":"C:\\repository\\test-task\\app-task-manager\\apps\\task-manager\\src\\components\\Loading\\index.tsx","statementMap":{"0":{"start":{"line":2,"column":0},"end":{"line":2,"column":54}},"1":{"start":{"line":4,"column":23},"end":{"line":17,"column":1}},"2":{"start":{"line":5,"column":2},"end":{"line":16,"column":4}},"3":{"start":{"line":4,"column":13},"end":{"line":4,"column":23}}},"fnMap":{"0":{"name":"(anonymous_0)","decl":{"start":{"line":4,"column":23},"end":{"line":4,"column":26}},"loc":{"start":{"line":4,"column":28},"end":{"line":17,"column":1}}}},"branchMap":{},"s":{"0":0,"1":0,"2":0,"3":0},"f":{"0":0},"b":{}}
,"C:\\repository\\test-task\\app-task-manager\\apps\\task-manager\\src\\components\\Navbar\\index.tsx": {"path":"C:\\repository\\test-task\\app-task-manager\\apps\\task-manager\\src\\components\\Navbar\\index.tsx","statementMap":{"0":{"start":{"line":1,"column":0},"end":{"line":1,"column":52}},"1":{"start":{"line":2,"column":0},"end":{"line":2,"column":48}},"2":{"start":{"line":3,"column":0},"end":{"line":3,"column":47}},"3":{"start":{"line":9,"column":15},"end":{"line":58,"column":1}},"4":{"start":{"line":10,"column":20},"end":{"line":10,"column":25}},"5":{"start":{"line":12,"column":19},"end":{"line":12,"column":32}},"6":{"start":{"line":14,"column":25},"end":{"line":16,"column":3}},"7":{"start":{"line":15,"column":4},"end":{"line":15,"column":22}},"8":{"start":{"line":18,"column":2},"end":{"line":57,"column":4}},"9":{"start":{"line":60,"column":0},"end":{"line":60,"column":22}}},"fnMap":{"0":{"name":"(anonymous_0)","decl":{"start":{"line":9,"column":15},"end":{"line":9,"column":16}},"loc":{"start":{"line":9,"column":32},"end":{"line":58,"column":1}}},"1":{"name":"(anonymous_1)","decl":{"start":{"line":14,"column":25},"end":{"line":14,"column":28}},"loc":{"start":{"line":14,"column":30},"end":{"line":16,"column":3}}}},"branchMap":{},"s":{"0":0,"1":0,"2":0,"3":0,"4":0,"5":0,"6":0,"7":0,"8":0,"9":0},"f":{"0":0,"1":0},"b":{}}
,"C:\\repository\\test-task\\app-task-manager\\apps\\task-manager\\src\\components\\TaskList\\index.tsx": {"path":"C:\\repository\\test-task\\app-task-manager\\apps\\task-manager\\src\\components\\TaskList\\index.tsx","statementMap":{"0":{"start":{"line":1,"column":0},"end":{"line":1,"column":61}},"1":{"start":{"line":3,"column":0},"end":{"line":3,"column":48}},"2":{"start":{"line":5,"column":0},"end":{"line":5,"column":43}},"3":{"start":{"line":7,"column":24},"end":{"line":38,"column":1}},"4":{"start":{"line":8,"column":16},"end":{"line":8,"column":54}},"5":{"start":{"line":8,"column":42},"end":{"line":8,"column":53}},"6":{"start":{"line":10,"column":2},"end":{"line":37,"column":4}},"7":{"start":{"line":19,"column":24},"end":{"line":19,"column":54}},"8":{"start":{"line":21,"column":8},"end":{"line":34,"column":10}},"9":{"start":{"line":7,"column":13},"end":{"line":7,"column":24}}},"fnMap":{"0":{"name":"(anonymous_0)","decl":{"start":{"line":7,"column":24},"end":{"line":7,"column":27}},"loc":{"start":{"line":7,"column":29},"end":{"line":38,"column":1}}},"1":{"name":"(anonymous_1)","decl":{"start":{"line":8,"column":31},"end":{"line":8,"column":32}},"loc":{"start":{"line":8,"column":42},"end":{"line":8,"column":53}}},"2":{"name":"(anonymous_2)","decl":{"start":{"line":18,"column":17},"end":{"line":18,"column":18}},"loc":{"start":{"line":18,"column":39},"end":{"line":35,"column":7}}}},"branchMap":{},"s":{"0":0,"1":0,"2":0,"3":0,"4":0,"5":0,"6":0,"7":0,"8":0,"9":0},"f":{"0":0,"1":0,"2":0},"b":{}}
}
